<?xml version="1.0" encoding="UTF-8"?>
<!-- Generated by org.testng.reporters.JUnitXMLReporter -->
<testsuite ignored="0" hostname="DESKTOP-FP4OP26" failures="0" tests="2" name="Command line test" time="15.373" errors="0" timestamp="2022-11-14T10:12:03 CET">
  <testcase classname="dfPack.test.LoginTest" name="doLoginTest" time="14.908"/>
  <testcase classname="dfPack.test.LoginTest" name="doLoginTest" time="0.001">
    <skipped/>
  </testcase> <!-- doLoginTest -->
</testsuite> <!-- Command line test -->
